Using pre-set license
Built from '2022.2/release' branch; Version is '2022.2.1f1 (4fead5835099) revision 5237461'; Using compiler version '192829333'; Build Type 'Release'
OS: 'Windows 10  (10.0.19044) 64bit Professional' Language: 'en' Physical Memory: 16253 MB
BatchMode: 1, IsHumanControllingUs: 0, StartBugReporterOnCrash: 0, Is64bit: 1, IsPro: 1

COMMAND LINE ARGUMENTS:
E:\Program File\2022.2.1f1\Editor\Unity.exe
-adb2
-batchMode
-noUpm
-name
AssetImportWorker1
-projectPath
E:/Unity/KitchenChaos3D/KitchenChaos
-logFile
Logs/AssetImportWorker1.log
-srvPort
60058
Successfully changed project path to: E:/Unity/KitchenChaos3D/KitchenChaos
E:/Unity/KitchenChaos3D/KitchenChaos
[UnityMemory] Configuration Parameters - Can be set up in boot.config
    "memorysetup-bucket-allocator-granularity=16"
    "memorysetup-bucket-allocator-bucket-count=8"
    "memorysetup-bucket-allocator-block-size=33554432"
    "memorysetup-bucket-allocator-block-count=8"
    "memorysetup-main-allocator-block-size=16777216"
    "memorysetup-thread-allocator-block-size=16777216"
    "memorysetup-gfx-main-allocator-block-size=16777216"
    "memorysetup-gfx-thread-allocator-block-size=16777216"
    "memorysetup-cache-allocator-block-size=4194304"
    "memorysetup-typetree-allocator-block-size=2097152"
    "memorysetup-profiler-bucket-allocator-granularity=16"
    "memorysetup-profiler-bucket-allocator-bucket-count=8"
    "memorysetup-profiler-bucket-allocator-block-size=33554432"
    "memorysetup-profiler-bucket-allocator-block-count=8"
    "memorysetup-profiler-allocator-block-size=16777216"
    "memorysetup-profiler-editor-allocator-block-size=1048576"
    "memorysetup-temp-allocator-size-main=16777216"
    "memorysetup-job-temp-allocator-block-size=2097152"
    "memorysetup-job-temp-allocator-block-size-background=1048576"
    "memorysetup-job-temp-allocator-reduction-small-platforms=262144"
    "memorysetup-temp-allocator-size-background-worker=32768"
    "memorysetup-temp-allocator-size-job-worker=262144"
    "memorysetup-temp-allocator-size-preload-manager=33554432"
    "memorysetup-temp-allocator-size-nav-mesh-worker=65536"
    "memorysetup-temp-allocator-size-audio-worker=65536"
    "memorysetup-temp-allocator-size-cloud-worker=32768"
    "memorysetup-temp-allocator-size-gi-baking-worker=262144"
    "memorysetup-temp-allocator-size-gfx=262144"
Player connection [1236] Host "[IP] 192.168.1.15 [Port] 0 [Flags] 2 [Guid] 1938562231 [EditorId] 1938562231 [Version] 1048832 [Id] WindowsEditor(7,DESKTOP-IGRM8O3) [Debug] 1 [PackageName] WindowsEditor [ProjectName] Editor" joined multi-casting on [225.0.0.222:54997]...

Player connection [1236] Host "[IP] 192.168.1.15 [Port] 0 [Flags] 2 [Guid] 1938562231 [EditorId] 1938562231 [Version] 1048832 [Id] WindowsEditor(7,DESKTOP-IGRM8O3) [Debug] 1 [PackageName] WindowsEditor [ProjectName] Editor" joined alternative multi-casting on [225.0.0.222:34997]...

Refreshing native plugins compatible for Editor in 9.26 ms, found 3 plugins.
Preloading 0 native plugins for Editor in 0.00 ms.
Initialize engine version: 2022.2.1f1 (4fead5835099)
[Subsystems] Discovering subsystems at path E:/Program File/2022.2.1f1/Editor/Data/Resources/UnitySubsystems
[Subsystems] Discovering subsystems at path E:/Unity/KitchenChaos3D/KitchenChaos/Assets
GfxDevice: creating device client; threaded=0; jobified=0
Direct3D:
    Version:  Direct3D 11.0 [level 11.1]
    Renderer: NVIDIA GeForce GTX 1650 (ID=0x1f0a)
    Vendor:   NVIDIA
    VRAM:     3961 MB
    Driver:   30.0.15.1215
Initialize mono
Mono path[0] = 'E:/Program File/2022.2.1f1/Editor/Data/Managed'
Mono path[1] = 'E:/Program File/2022.2.1f1/Editor/Data/MonoBleedingEdge/lib/mono/unityjit-win32'
Mono config path = 'E:/Program File/2022.2.1f1/Editor/Data/MonoBleedingEdge/etc'
Using monoOptions --debugger-agent=transport=dt_socket,embedding=1,server=y,suspend=n,address=127.0.0.1:56808
Begin MonoManager ReloadAssembly
Registering precompiled unity dll's ...
Register platform support module: E:/Program File/2022.2.1f1/Editor/Data/PlaybackEngines/AndroidPlayer/UnityEditor.Android.Extensions.dll
Register platform support module: E:/Program File/2022.2.1f1/Editor/Data/PlaybackEngines/WindowsStandaloneSupport/UnityEditor.WindowsStandalone.Extensions.dll
Registered in 0.004252 seconds.
- Loaded All Assemblies, in  0.353 seconds
Native extension for WindowsStandalone target not found
Native extension for Android target not found
Android Extension - Scanning For ADB Devices 190 ms
Mono: successfully reloaded assembly
- Finished resetting the current domain, in  0.491 seconds
Domain Reload Profiling:
	ReloadAssembly (194ms)
		BeginReloadAssembly (80ms)
			ExecutionOrderSort (0ms)
			DisableScriptedObjects (0ms)
			BackupInstance (0ms)
			ReleaseScriptingObjects (0ms)
			CreateAndSetChildDomain (1ms)
		LoadAllAssembliesAndSetupDomain (0ms)
			LoadAssemblies (79ms)
			RebuildTransferFunctionScriptingTraits (0ms)
			SetupTypeCache (156ms)
				TypeCache.Initialize (155ms)
					TypeCache.ScanAssembly (154ms)
				ResolveRequiredComponents (0ms)
		FinalizeReload (0ms)
			ReleaseScriptCaches (0ms)
			RebuildScriptCaches (0ms)
			SetupLoadedEditorAssemblies (432ms)
				LogAssemblyErrors (0ms)
				InitializePlatformSupportModulesInManaged (267ms)
				SetLoadedEditorAssemblies (4ms)
				RefreshPlugins (0ms)
				BeforeProcessingInitializeOnLoad (1ms)
				ProcessInitializeOnLoadAttributes (111ms)
				ProcessInitializeOnLoadMethodAttributes (49ms)
				AfterProcessingInitializeOnLoad (0ms)
				EditorAssembliesLoaded (0ms)
			ExecutionOrderSort2 (0ms)
			AwakeInstancesAfterBackupRestoration (0ms)
========================================================================
Worker process is ready to serve import requests
Begin MonoManager ReloadAssembly
Symbol file LoadedFromMemory doesn't match image E:\Unity\KitchenChaos3D\KitchenChaos\Library\PackageCache\com.unity.visualscripting@1.7.8\Editor\VisualScripting.Core\Dependencies\YamlDotNet\Unity.VisualScripting.YamlDotNet.dll
Symbol file LoadedFromMemory doesn't match image E:\Unity\KitchenChaos3D\KitchenChaos\Library\PackageCache\com.unity.visualscripting@1.7.8\Editor\VisualScripting.Core\Dependencies\DotNetZip\Unity.VisualScripting.IonicZip.dll
- Loaded All Assemblies, in  0.735 seconds
Refreshing native plugins compatible for Editor in 3.10 ms, found 3 plugins.
Native extension for WindowsStandalone target not found
Native extension for Android target not found
Mono: successfully reloaded assembly
- Finished resetting the current domain, in  0.582 seconds
Domain Reload Profiling:
	ReloadAssembly (222ms)
		BeginReloadAssembly (123ms)
			ExecutionOrderSort (0ms)
			DisableScriptedObjects (5ms)
			BackupInstance (0ms)
			ReleaseScriptingObjects (0ms)
			CreateAndSetChildDomain (26ms)
		LoadAllAssembliesAndSetupDomain (513ms)
			LoadAssemblies (91ms)
			RebuildTransferFunctionScriptingTraits (0ms)
			SetupTypeCache (477ms)
				TypeCache.Initialize (292ms)
					TypeCache.ScanAssembly (287ms)
				ResolveRequiredComponents (11ms)
		FinalizeReload (0ms)
			ReleaseScriptCaches (0ms)
			RebuildScriptCaches (0ms)
			SetupLoadedEditorAssemblies (425ms)
				LogAssemblyErrors (0ms)
				InitializePlatformSupportModulesInManaged (14ms)
				SetLoadedEditorAssemblies (4ms)
				RefreshPlugins (0ms)
				BeforeProcessingInitializeOnLoad (66ms)
				ProcessInitializeOnLoadAttributes (268ms)
				ProcessInitializeOnLoadMethodAttributes (72ms)
				AfterProcessingInitializeOnLoad (2ms)
				EditorAssembliesLoaded (0ms)
			ExecutionOrderSort2 (0ms)
			AwakeInstancesAfterBackupRestoration (6ms)
Launched and connected shader compiler UnityShaderCompiler.exe after 0.04 seconds
Refreshing native plugins compatible for Editor in 2.74 ms, found 3 plugins.
Preloading 0 native plugins for Editor in 0.00 ms.
Unloading 5152 Unused Serialized files (Serialized files now loaded: 0)
Unloading 66 unused Assets / (3.3 MB). Loaded Objects now: 5575.
Memory consumption went from 0.78 GB to 0.78 GB.
Total: 5.836900 ms (FindLiveObjects: 0.498900 ms CreateObjectMapping: 0.627700 ms MarkObjects: 3.392600 ms  DeleteObjects: 1.316700 ms)

AssetImportParameters requested are different than current active one (requested -> active):
  custom:container-demuxer-ogg: 62fdf1f143b41e24485cea50d1cbac27 -> 
  custom:video-decoder-ogg-theora: a1e56fd34408186e4bbccfd4996cb3dc -> 
  custom:framework-win-MediaFoundation: 216162199b28c13a410421893ffa2e32 -> 
  custom:container-demuxer-webm: 4f35f7cbe854078d1ac9338744f61a02 -> 
  custom:container-muxer-webm: aa71ff27fc2769a1b78a27578f13a17b -> 
  custom:video-decoder-webm-vp8: 9c59270c3fd7afecdb556c50c9e8de78 -> 
  custom:AudioImporter_EditorPlatform: d09bf68614088b80899f8185d706f6e7 -> 
  custom:video-encoder-webm-vp8: eb34c28f22e8b96e1ab97ce403110664 -> 
  custom:audio-decoder-ogg-vorbis: bf7c407c2cedff20999df2af8eb42d56 -> 
  custom:audio-encoder-webm-vorbis: bf7c407c2cedff20999df2af8eb42d56 -> 
========================================================================
Received Import Request.
  Time since last request: 48860.501302 seconds.
  path: Assets/Settings/URP-HighFidelity.asset
  artifactKey: Guid(7b7fd9122c28c4d15b667c7040e3b3fd) Importer(815301076,1909f56bfc062723c751e8b465ee728b)
Number of updated assets reloaded before import = 0
Start importing Assets/Settings/URP-HighFidelity.asset using Guid(7b7fd9122c28c4d15b667c7040e3b3fd) Importer(815301076,1909f56bfc062723c751e8b465ee728b)  -> (artifact id: 'c23a85076094cde1320f015159f1c0b2') in 0.037762 seconds 
Number of asset objects unloaded after import = 1
========================================================================
Received Import Request.
  Time since last request: 177.638254 seconds.
  path: Assets/_Assets/PrefabsVisuals/CountersVisuals/ContainerCounter_Visual.prefab
  artifactKey: Guid(9a9137fa2b035d34e881701d2c178192) Importer(815301076,1909f56bfc062723c751e8b465ee728b)
Number of updated assets reloaded before import = 0
Start importing Assets/_Assets/PrefabsVisuals/CountersVisuals/ContainerCounter_Visual.prefab using Guid(9a9137fa2b035d34e881701d2c178192) Importer(815301076,1909f56bfc062723c751e8b465ee728b)  -> (artifact id: 'bddae350c3c69480ae99b1d2616d3daf') in 4.854509 seconds 
Internal: There are remaining Allocations on the JobTempAlloc. This is a leak, and will impact performance
To Debug, run app with -diag-job-temp-memory-leak-validation cmd line argument. This will output the callstacks of the leaked allocations.
Number of asset objects unloaded after import = 63
========================================================================
Received Import Request.
  Time since last request: 7.197539 seconds.
  path: Assets/_Assets/Meshes/Textures/Bread_Normal.png
  artifactKey: Guid(697ab8b7404c9dd42b2b7bbc0f8f592e) Importer(815301076,1909f56bfc062723c751e8b465ee728b)
Number of updated assets reloaded before import = 0
Start importing Assets/_Assets/Meshes/Textures/Bread_Normal.png using Guid(697ab8b7404c9dd42b2b7bbc0f8f592e) Importer(815301076,1909f56bfc062723c751e8b465ee728b)  -> (artifact id: '7a5b455b329beb2b4e8358dd4aa20943') in 0.061938 seconds 
Internal: There are remaining Allocations on the JobTempAlloc. This is a leak, and will impact performance
To Debug, run app with -diag-job-temp-memory-leak-validation cmd line argument. This will output the callstacks of the leaked allocations.
Number of asset objects unloaded after import = 2
========================================================================
Received Import Request.
  Time since last request: 0.000030 seconds.
  path: Assets/_Assets/Meshes/Textures/Chopping board_MetallicSmoothness.png
  artifactKey: Guid(a9a9eece5c598344e809d0616c9e285c) Importer(815301076,1909f56bfc062723c751e8b465ee728b)
Number of updated assets reloaded before import = 0
Start importing Assets/_Assets/Meshes/Textures/Chopping board_MetallicSmoothness.png using Guid(a9a9eece5c598344e809d0616c9e285c) Importer(815301076,1909f56bfc062723c751e8b465ee728b)  -> (artifact id: 'db678c7db2f2e863e85bd76c7ed45416') in 0.010554 seconds 
Internal: There are remaining Allocations on the JobTempAlloc. This is a leak, and will impact performance
To Debug, run app with -diag-job-temp-memory-leak-validation cmd line argument. This will output the callstacks of the leaked allocations.
Number of asset objects unloaded after import = 2
========================================================================
Received Import Request.
  Time since last request: 0.000034 seconds.
  path: Assets/_Assets/Meshes/Textures/Meat_MetallicSmoothness.png
  artifactKey: Guid(cedc458404734c04b87356e63f64b9b3) Importer(815301076,1909f56bfc062723c751e8b465ee728b)
Number of updated assets reloaded before import = 0
Start importing Assets/_Assets/Meshes/Textures/Meat_MetallicSmoothness.png using Guid(cedc458404734c04b87356e63f64b9b3) Importer(815301076,1909f56bfc062723c751e8b465ee728b)  -> (artifact id: 'c1a98d71edf03d90c9447318b6368e7e') in 0.012159 seconds 
Internal: There are remaining Allocations on the JobTempAlloc. This is a leak, and will impact performance
To Debug, run app with -diag-job-temp-memory-leak-validation cmd line argument. This will output the callstacks of the leaked allocations.
Number of asset objects unloaded after import = 2
========================================================================
Received Import Request.
  Time since last request: 0.000034 seconds.
  path: Assets/_Assets/Meshes/Textures/Lettuce_AlbedoTransparency.png
  artifactKey: Guid(1f9a8907445f5914790a98b1ac223020) Importer(815301076,1909f56bfc062723c751e8b465ee728b)
Number of updated assets reloaded before import = 0
Start importing Assets/_Assets/Meshes/Textures/Lettuce_AlbedoTransparency.png using Guid(1f9a8907445f5914790a98b1ac223020) Importer(815301076,1909f56bfc062723c751e8b465ee728b)  -> (artifact id: 'f0a73c29ea1991cd12ceafd38f27657d') in 0.011949 seconds 
Internal: There are remaining Allocations on the JobTempAlloc. This is a leak, and will impact performance
To Debug, run app with -diag-job-temp-memory-leak-validation cmd line argument. This will output the callstacks of the leaked allocations.
Number of asset objects unloaded after import = 2
========================================================================
Received Import Request.
  Time since last request: 0.000039 seconds.
  path: Assets/_Assets/Meshes/Textures/Lettuce_Normal.png
  artifactKey: Guid(d91480ef56841f842b2db30c8881ef89) Importer(815301076,1909f56bfc062723c751e8b465ee728b)
Number of updated assets reloaded before import = 0
Start importing Assets/_Assets/Meshes/Textures/Lettuce_Normal.png using Guid(d91480ef56841f842b2db30c8881ef89) Importer(815301076,1909f56bfc062723c751e8b465ee728b)  -> (artifact id: '1539f025c56dd6193eaac0b4b67c33a1') in 0.016677 seconds 
Internal: There are remaining Allocations on the JobTempAlloc. This is a leak, and will impact performance
To Debug, run app with -diag-job-temp-memory-leak-validation cmd line argument. This will output the callstacks of the leaked allocations.
Number of asset objects unloaded after import = 2
========================================================================
Received Import Request.
  Time since last request: 0.000021 seconds.
  path: Assets/_Assets/Meshes/Textures/Trash bin_Normal.png
  artifactKey: Guid(c5152b40349b5d34fbf8d77be1c66445) Importer(815301076,1909f56bfc062723c751e8b465ee728b)
Number of updated assets reloaded before import = 0
Start importing Assets/_Assets/Meshes/Textures/Trash bin_Normal.png using Guid(c5152b40349b5d34fbf8d77be1c66445) Importer(815301076,1909f56bfc062723c751e8b465ee728b)  -> (artifact id: '666e2dc0006342d17f53c701d9ae0b66') in 0.010413 seconds 
Internal: There are remaining Allocations on the JobTempAlloc. This is a leak, and will impact performance
To Debug, run app with -diag-job-temp-memory-leak-validation cmd line argument. This will output the callstacks of the leaked allocations.
Number of asset objects unloaded after import = 2
========================================================================
Received Import Request.
  Time since last request: 0.000020 seconds.
  path: Assets/_Assets/Meshes/Textures/Kitchen Counter_Blue_AlbedoTransparency.png
  artifactKey: Guid(52971cd5568d3da44a2b9038404e1573) Importer(815301076,1909f56bfc062723c751e8b465ee728b)
Number of updated assets reloaded before import = 0
Start importing Assets/_Assets/Meshes/Textures/Kitchen Counter_Blue_AlbedoTransparency.png using Guid(52971cd5568d3da44a2b9038404e1573) Importer(815301076,1909f56bfc062723c751e8b465ee728b)  -> (artifact id: '20205984beae36a656e475d362f4b952') in 0.009578 seconds 
Internal: There are remaining Allocations on the JobTempAlloc. This is a leak, and will impact performance
To Debug, run app with -diag-job-temp-memory-leak-validation cmd line argument. This will output the callstacks of the leaked allocations.
Number of asset objects unloaded after import = 2
========================================================================
Received Import Request.
  Time since last request: 0.000018 seconds.
  path: Assets/_Assets/Meshes/Textures/Cheese_MetallicSmoothness.png
  artifactKey: Guid(47f1f81f2deb8f84a8b54892c1a55533) Importer(815301076,1909f56bfc062723c751e8b465ee728b)
Number of updated assets reloaded before import = 0
Start importing Assets/_Assets/Meshes/Textures/Cheese_MetallicSmoothness.png using Guid(47f1f81f2deb8f84a8b54892c1a55533) Importer(815301076,1909f56bfc062723c751e8b465ee728b)  -> (artifact id: 'b06161c9610566a81fa4d45b7bc86f9f') in 0.012721 seconds 
Internal: There are remaining Allocations on the JobTempAlloc. This is a leak, and will impact performance
To Debug, run app with -diag-job-temp-memory-leak-validation cmd line argument. This will output the callstacks of the leaked allocations.
Number of asset objects unloaded after import = 2
========================================================================
Received Import Request.
  Time since last request: 0.000025 seconds.
  path: Assets/_Assets/Meshes/Textures/Kitchen Counter_Normal.png
  artifactKey: Guid(9c3897bb6abcfda4a9ce0216bb225a24) Importer(815301076,1909f56bfc062723c751e8b465ee728b)
Number of updated assets reloaded before import = 0
Start importing Assets/_Assets/Meshes/Textures/Kitchen Counter_Normal.png using Guid(9c3897bb6abcfda4a9ce0216bb225a24) Importer(815301076,1909f56bfc062723c751e8b465ee728b)  -> (artifact id: '7d1d4189bba883a49b947871b0a754b3') in 0.013829 seconds 
Internal: There are remaining Allocations on the JobTempAlloc. This is a leak, and will impact performance
To Debug, run app with -diag-job-temp-memory-leak-validation cmd line argument. This will output the callstacks of the leaked allocations.
Number of asset objects unloaded after import = 2
========================================================================
Received Import Request.
  Time since last request: 0.000032 seconds.
  path: Assets/_Assets/Meshes/Textures/Kitchen Counter_MetallicSmoothness.png
  artifactKey: Guid(5e86c52b28e46f84faa7ceb0e9608196) Importer(815301076,1909f56bfc062723c751e8b465ee728b)
Number of updated assets reloaded before import = 0
Start importing Assets/_Assets/Meshes/Textures/Kitchen Counter_MetallicSmoothness.png using Guid(5e86c52b28e46f84faa7ceb0e9608196) Importer(815301076,1909f56bfc062723c751e8b465ee728b)  -> (artifact id: '5c2445abb0b5c11afd7fc66ec82d764b') in 0.011171 seconds 
Internal: There are remaining Allocations on the JobTempAlloc. This is a leak, and will impact performance
To Debug, run app with -diag-job-temp-memory-leak-validation cmd line argument. This will output the callstacks of the leaked allocations.
Number of asset objects unloaded after import = 2
========================================================================
Received Import Request.
  Time since last request: 0.000024 seconds.
  path: Assets/_Assets/Meshes/Textures/Trash bin_AlbedoTransparency.png
  artifactKey: Guid(fda69cb5afbf51f449a4b1692fbb2535) Importer(815301076,1909f56bfc062723c751e8b465ee728b)
Number of updated assets reloaded before import = 0
Start importing Assets/_Assets/Meshes/Textures/Trash bin_AlbedoTransparency.png using Guid(fda69cb5afbf51f449a4b1692fbb2535) Importer(815301076,1909f56bfc062723c751e8b465ee728b)  -> (artifact id: '1d406236aa4176259fd634bef2cd499a') in 0.007768 seconds 
Internal: There are remaining Allocations on the JobTempAlloc. This is a leak, and will impact performance
To Debug, run app with -diag-job-temp-memory-leak-validation cmd line argument. This will output the callstacks of the leaked allocations.
Number of asset objects unloaded after import = 2
========================================================================
Received Import Request.
  Time since last request: 0.000034 seconds.
  path: Assets/_Assets/Meshes/Textures/Plate_Normal.png
  artifactKey: Guid(0bbeb37999e68ed4c8135560b6790f5c) Importer(815301076,1909f56bfc062723c751e8b465ee728b)
Number of updated assets reloaded before import = 0
Start importing Assets/_Assets/Meshes/Textures/Plate_Normal.png using Guid(0bbeb37999e68ed4c8135560b6790f5c) Importer(815301076,1909f56bfc062723c751e8b465ee728b)  -> (artifact id: '569232bd38bce89f81a6a1fbe23d41d2') in 0.010813 seconds 
Internal: There are remaining Allocations on the JobTempAlloc. This is a leak, and will impact performance
To Debug, run app with -diag-job-temp-memory-leak-validation cmd line argument. This will output the callstacks of the leaked allocations.
Number of asset objects unloaded after import = 2
========================================================================
Received Import Request.
  Time since last request: 0.000028 seconds.
  path: Assets/_Assets/Meshes/Textures/Meat_AlbedoTransparency.png
  artifactKey: Guid(4ff21eb4b9a941047a01ef2e6aea0a36) Importer(815301076,1909f56bfc062723c751e8b465ee728b)
Number of updated assets reloaded before import = 0
Start importing Assets/_Assets/Meshes/Textures/Meat_AlbedoTransparency.png using Guid(4ff21eb4b9a941047a01ef2e6aea0a36) Importer(815301076,1909f56bfc062723c751e8b465ee728b)  -> (artifact id: 'cb66a640be90b8eb096105a119bd35f4') in 0.009801 seconds 
Internal: There are remaining Allocations on the JobTempAlloc. This is a leak, and will impact performance
To Debug, run app with -diag-job-temp-memory-leak-validation cmd line argument. This will output the callstacks of the leaked allocations.
Number of asset objects unloaded after import = 2
========================================================================
Received Import Request.
  Time since last request: 0.861426 seconds.
  path: Assets/_Assets/PrefabsVisuals/PlayerVisual.prefab
  artifactKey: Guid(1c5dda3c7cd3cf742afcade5419faeab) Importer(815301076,1909f56bfc062723c751e8b465ee728b)
Number of updated assets reloaded before import = 0
Start importing Assets/_Assets/PrefabsVisuals/PlayerVisual.prefab using Guid(1c5dda3c7cd3cf742afcade5419faeab) Importer(815301076,1909f56bfc062723c751e8b465ee728b)  -> (artifact id: 'c51c8395a8307e11018de868c98d28fe') in 0.010672 seconds 
Internal: There are remaining Allocations on the JobTempAlloc. This is a leak, and will impact performance
To Debug, run app with -diag-job-temp-memory-leak-validation cmd line argument. This will output the callstacks of the leaked allocations.
Number of asset objects unloaded after import = 32
Editor requested this worker to shutdown with reason: Scaling down because of idle timeout
TcpMessagingSession - receive error: operation aborted. errorcode: 995, details: The I/O operation has been aborted because of either a thread exit or an application request.
AssetImportWorker is now disconnected from the server
Process exiting
Exiting without the bug reporter. Application will terminate with return code 0